[2024-11-27T14:40:31.988939+01:00] defaultLogger.INFO: Beginning backup job. Type: 3. BaseName: C:\xampp\htdocs\standcrm/tmp_attach/ChurchCRMBackups/PCEAStAndrewsChurch-20241127-164031 [] {"url":"/standcrm/api/database/backup","remote_ip":"::1","correlation_id":"6747214ff1716"}
[2024-11-27T14:40:33.303962+01:00] defaultLogger.INFO: Completed backup job.  Took : 1335.3ms. 0.4451% of max_execution_time [] {"url":"/standcrm/api/database/backup","remote_ip":"::1","correlation_id":"6747214ff1716"}
[2024-11-27T14:40:36.243572+01:00] defaultLogger.INFO: Download requested for :C:\xampp\htdocs\standcrm/tmp_attach/ChurchCRMBackups/PCEAStAndrewsChurch-20241127-164031.tar.gz [] {"url":"/standcrm/api/database/download/PCEAStAndrewsChurch-20241127-164031.tar.gz","remote_ip":"::1","correlation_id":"674721543b77d"}
[2024-11-27T14:40:47.513842+01:00] defaultLogger.INFO: Beginning backup job. Type: 2. BaseName: C:\xampp\htdocs\standcrm/tmp_attach/ChurchCRMBackups/PCEAStAndrewsChurch-20241127-164047 [] {"url":"/standcrm/api/database/backup","remote_ip":"::1","correlation_id":"6747215f7d73a"}
[2024-11-27T14:40:48.506032+01:00] defaultLogger.INFO: Completed backup job.  Took : 992.63ms. 0.33087666666667% of max_execution_time [] {"url":"/standcrm/api/database/backup","remote_ip":"::1","correlation_id":"6747215f7d73a"}
[2024-11-27T14:40:50.444863+01:00] defaultLogger.INFO: Download requested for :C:\xampp\htdocs\standcrm/tmp_attach/ChurchCRMBackups/PCEAStAndrewsChurch-20241127-164047.sql [] {"url":"/standcrm/api/database/download/PCEAStAndrewsChurch-20241127-164047.sql","remote_ip":"::1","correlation_id":"674721626c9d6"}
[2024-11-27T14:58:05.613229+01:00] defaultLogger.WARNING: issue creating geoCoder API access denied. Request: https://maps.googleapis.com/maps/api/geocode/json?address=36%20Nairobi%20Nairobi%2C%2030%2000100%20KE&language=en&key= - Message: You must use an API key to authenticate each request to Google Maps Platform APIs. For additional information, please refer to http://g.co/dev/maps-no-account [] {"url":"/standcrm/FamilyEditor.php?FamilyID=-1","remote_ip":"::1","correlation_id":"6747256d95b76"}
[2024-11-27T14:58:23.922742+01:00] defaultLogger.WARNING: issue creating geoCoder API access denied. Request: https://maps.googleapis.com/maps/api/geocode/json?address=36%20Nairobi%20Nairobi%2C%2030%2000100%20KE&language=en&key= - Message: You must use an API key to authenticate each request to Google Maps Platform APIs. For additional information, please refer to http://g.co/dev/maps-no-account [] {"url":"/standcrm/FamilyEditor.php?FamilyID=3","remote_ip":"::1","correlation_id":"6747257fe1490"}
[2024-11-27T14:59:38.779072+01:00] defaultLogger.WARNING: Encountered invalid configuration(s) for sInactiveClassification, please fix this [] {"url":"/standcrm/OptionManager.php?mode=classes","remote_ip":"::1","correlation_id":"674725cabe357"}
[2024-11-27T15:00:08.496449+01:00] defaultLogger.WARNING: Encountered invalid configuration(s) for sInactiveClassification, please fix this [] {"url":"/standcrm/OptionManager.php?mode=classes&ListID=1","remote_ip":"::1","correlation_id":"674725e87934a"}
[2024-11-27T15:00:17.153943+01:00] defaultLogger.WARNING: Encountered invalid configuration(s) for sInactiveClassification, please fix this [] {"url":"/standcrm/OptionManager.php?mode=classes&ListID=1","remote_ip":"::1","correlation_id":"674725f125961"}
[2024-11-27T15:00:26.094223+01:00] defaultLogger.WARNING: Encountered invalid configuration(s) for sInactiveClassification, please fix this [] {"url":"/standcrm/OptionManager.php?mode=classes&ListID=1","remote_ip":"::1","correlation_id":"674725fa17019"}
[2024-11-27T15:00:34.744740+01:00] defaultLogger.WARNING: Encountered invalid configuration(s) for sInactiveClassification, please fix this [] {"url":"/standcrm/OptionManager.php?mode=famroles","remote_ip":"::1","correlation_id":"67472602b5d2e"}
[2024-11-27T15:00:42.078357+01:00] defaultLogger.WARNING: Encountered invalid configuration(s) for sInactiveClassification, please fix this [] {"url":"/standcrm/OptionManager.php?mode=famroles&ListID=2","remote_ip":"::1","correlation_id":"6747260a1321f"}
[2024-11-27T15:00:44.669774+01:00] defaultLogger.WARNING: Encountered invalid configuration(s) for sInactiveClassification, please fix this [] {"url":"/standcrm/OptionManager.php?mode=famroles&ListID=2","remote_ip":"::1","correlation_id":"6747260ca3859"}
[2024-11-27T15:00:54.697590+01:00] defaultLogger.WARNING: Encountered invalid configuration(s) for sInactiveClassification, please fix this [] {"url":"/standcrm/OptionManager.php?mode=famroles","remote_ip":"::1","correlation_id":"67472616aa505"}
[2024-11-27T15:04:19.162145+01:00] defaultLogger.WARNING: Encountered invalid configuration(s) for sInactiveClassification, please fix this [] {"url":"/standcrm/OptionManager.php?mode=grptypes","remote_ip":"::1","correlation_id":"674726e32796b"}
[2024-11-27T17:29:31.823684+01:00] defaultLogger.WARNING: issue creating geoCoder API access denied. Request: https://maps.googleapis.com/maps/api/geocode/json?address=65165-00168%20nairobi%2C%2030%2065165%20KE&language=en&key= - Message: You must use an API key to authenticate each request to Google Maps Platform APIs. For additional information, please refer to http://g.co/dev/maps-no-account [] {"url":"/standcrm/FamilyEditor.php?FamilyID=-1","remote_ip":"::1","correlation_id":"674748ebc91ae"}
[2024-11-27T17:30:13.229397+01:00] defaultLogger.WARNING: issue creating geoCoder API access denied. Request: https://maps.googleapis.com/maps/api/geocode/json?address=65165-00168%20nairobi%2C%2030%2065165%20KE&language=en&key= - Message: You must use an API key to authenticate each request to Google Maps Platform APIs. For additional information, please refer to http://g.co/dev/maps-no-account [] {"url":"/standcrm/FamilyEditor.php?FamilyID=-1","remote_ip":"::1","correlation_id":"674749153803a"}
[2024-11-27T17:37:57.238753+01:00] defaultLogger.WARNING: issue creating geoCoder API access denied. Request: https://maps.googleapis.com/maps/api/geocode/json?address=65165-00168%20nairobi%2C%2030%2065165%20KE&language=en&key= - Message: You must use an API key to authenticate each request to Google Maps Platform APIs. For additional information, please refer to http://g.co/dev/maps-no-account [] {"url":"/standcrm/FamilyEditor.php?FamilyID=4","remote_ip":"::1","correlation_id":"67474ae53a4b5"}
[2024-11-27T17:46:54.006720+01:00] defaultLogger.WARNING: Encountered invalid configuration(s) for sInactiveClassification, please fix this [] {"url":"/standcrm/OptionManager.php?mode=grptypes","remote_ip":"::1","correlation_id":"67474cfe01a4f"}
[2024-11-27T17:46:58.688797+01:00] defaultLogger.WARNING: Encountered invalid configuration(s) for sInactiveClassification, please fix this [] {"url":"/standcrm/OptionManager.php?mode=grptypes&ListID=3","remote_ip":"::1","correlation_id":"67474d02a82bd"}
[2024-11-27T17:47:01.884309+01:00] defaultLogger.WARNING: Encountered invalid configuration(s) for sInactiveClassification, please fix this [] {"url":"/standcrm/OptionManager.php?mode=grptypes&ListID=3","remote_ip":"::1","correlation_id":"67474d05d7e65"}
[2024-11-27T17:47:22.469195+01:00] defaultLogger.WARNING: Encountered invalid configuration(s) for sInactiveClassification, please fix this [] {"url":"/standcrm/OptionManager.php?mode=grptypes&ListID=3","remote_ip":"::1","correlation_id":"67474d1a728da"}
[2024-11-27T17:47:27.944190+01:00] defaultLogger.WARNING: Encountered invalid configuration(s) for sInactiveClassification, please fix this [] {"url":"/standcrm/OptionManager.php?mode=grptypes&ListID=3","remote_ip":"::1","correlation_id":"67474d1fe684b"}
[2024-11-27T17:50:38.483269+01:00] defaultLogger.WARNING: issue creating geoCoder API access denied. Request: https://maps.googleapis.com/maps/api/geocode/json?address=65165-00168%20nairobi%2C%2030%2065165%20KE&language=en&key= - Message: You must use an API key to authenticate each request to Google Maps Platform APIs. For additional information, please refer to http://g.co/dev/maps-no-account [] {"url":"/standcrm/FamilyEditor.php?FamilyID=6","remote_ip":"::1","correlation_id":"67474dde75ff0"}
[2024-11-27T17:53:53.164668+01:00] defaultLogger.WARNING: Encountered invalid configuration(s) for sInactiveClassification, please fix this [] {"url":"/standcrm/OptionManager.php?mode=classes","remote_ip":"::1","correlation_id":"67474ea1283a8"}
[2024-11-27T17:54:32.205093+01:00] defaultLogger.WARNING: Encountered invalid configuration(s) for sInactiveClassification, please fix this [] {"url":"/standcrm/OptionManager.php?mode=classes&ListID=1","remote_ip":"::1","correlation_id":"67474ec832139"}
[2024-11-27T17:54:35.965224+01:00] defaultLogger.WARNING: Encountered invalid configuration(s) for sInactiveClassification, please fix this [] {"url":"/standcrm/OptionManager.php?mode=classes&ListID=1","remote_ip":"::1","correlation_id":"67474ecbeba79"}
[2024-11-27T17:54:40.511412+01:00] defaultLogger.WARNING: Encountered invalid configuration(s) for sInactiveClassification, please fix this [] {"url":"/standcrm/OptionManager.php?mode=classes&ListID=1","remote_ip":"::1","correlation_id":"67474ed07cdc2"}
[2024-11-27T17:54:43.993244+01:00] defaultLogger.WARNING: Encountered invalid configuration(s) for sInactiveClassification, please fix this [] {"url":"/standcrm/OptionManager.php?mode=classes&ListID=1","remote_ip":"::1","correlation_id":"67474ed3f27f1"}
[2024-11-27T17:54:49.724215+01:00] defaultLogger.WARNING: Encountered invalid configuration(s) for sInactiveClassification, please fix this [] {"url":"/standcrm/OptionManager.php?mode=classes&ListID=1","remote_ip":"::1","correlation_id":"67474ed9b0d09"}
[2024-11-27T17:54:52.086866+01:00] defaultLogger.WARNING: Encountered invalid configuration(s) for sInactiveClassification, please fix this [] {"url":"/standcrm/OptionManager.php?mode=classes&ListID=1","remote_ip":"::1","correlation_id":"67474edc15362"}
[2024-11-27T19:29:36.250034+01:00] defaultLogger.WARNING: Encountered invalid configuration(s) for sInactiveClassification, please fix this [] {"url":"/standcrm/OptionManager.php?mode=grptypes","remote_ip":"::1","correlation_id":"674765103d0c7"}
[2024-11-27T19:29:56.602382+01:00] defaultLogger.WARNING: Encountered invalid configuration(s) for sInactiveClassification, please fix this [] {"url":"/standcrm/OptionManager.php?mode=classes","remote_ip":"::1","correlation_id":"6747652493118"}
[2024-11-27T19:34:02.244887+01:00] defaultLogger.WARNING: issue creating geoCoder API access denied. Request: https://maps.googleapis.com/maps/api/geocode/json?address=65165-00168%20nairobi%2C%2030%2065165%20KE&language=en&key= - Message: You must use an API key to authenticate each request to Google Maps Platform APIs. For additional information, please refer to http://g.co/dev/maps-no-account [] {"url":"/standcrm/FamilyEditor.php?FamilyID=-1","remote_ip":"::1","correlation_id":"6747661a3bca7"}
[2024-11-27T19:36:36.175311+01:00] defaultLogger.WARNING: Encountered invalid configuration(s) for sInactiveClassification, please fix this [] {"url":"/standcrm/OptionManager.php?mode=grptypes","remote_ip":"::1","correlation_id":"674766b42acf4"}
[2024-11-27T19:36:44.827332+01:00] defaultLogger.WARNING: Encountered invalid configuration(s) for sInactiveClassification, please fix this [] {"url":"/standcrm/OptionManager.php?mode=grptypes&ListID=3","remote_ip":"::1","correlation_id":"674766bcc9fd7"}
[2024-11-27T19:36:46.610821+01:00] defaultLogger.WARNING: Encountered invalid configuration(s) for sInactiveClassification, please fix this [] {"url":"/standcrm/OptionManager.php?mode=grptypes&ListID=3","remote_ip":"::1","correlation_id":"674766be95210"}
[2024-11-27T19:36:51.298672+01:00] defaultLogger.WARNING: Encountered invalid configuration(s) for sInactiveClassification, please fix this [] {"url":"/standcrm/OptionManager.php?mode=grptypes&ListID=3","remote_ip":"::1","correlation_id":"674766c348ec1"}
[2024-11-27T19:37:10.008508+01:00] defaultLogger.WARNING: Encountered invalid configuration(s) for sInactiveClassification, please fix this [] {"url":"/standcrm/OptionManager.php?mode=grptypes&ListID=3","remote_ip":"::1","correlation_id":"674766d60214b"}
[2024-11-27T19:37:18.831096+01:00] defaultLogger.WARNING: Encountered invalid configuration(s) for sInactiveClassification, please fix this [] {"url":"/standcrm/OptionManager.php?mode=grptypes&ListID=3","remote_ip":"::1","correlation_id":"674766decae83"}
[2024-11-27T19:43:40.521332+01:00] defaultLogger.WARNING: Encountered invalid configuration(s) for sInactiveClassification, please fix this [] {"url":"/standcrm/OptionManager.php?mode=classes","remote_ip":"::1","correlation_id":"6747685c7f47f"}
[2024-11-27T19:43:58.570508+01:00] defaultLogger.WARNING: Encountered invalid configuration(s) for sInactiveClassification, please fix this [] {"url":"/standcrm/OptionManager.php?mode=classes&ListID=1","remote_ip":"::1","correlation_id":"6747686e8b49a"}
[2024-11-27T19:44:01.289029+01:00] defaultLogger.WARNING: Encountered invalid configuration(s) for sInactiveClassification, please fix this [] {"url":"/standcrm/OptionManager.php?mode=classes&ListID=1","remote_ip":"::1","correlation_id":"674768714690e"}
[2024-11-27T19:51:53.014107+01:00] defaultLogger.WARNING: Encountered invalid configuration(s) for sInactiveClassification, please fix this [] {"url":"/standcrm/OptionManager.php?mode=grptypes","remote_ip":"::1","correlation_id":"67476a4903724"}
[2024-11-27T19:59:55.227137+01:00] defaultLogger.WARNING: Encountered invalid configuration(s) for sInactiveClassification, please fix this [] {"url":"/standcrm/OptionManager.php?mode=grptypes","remote_ip":"::1","correlation_id":"67476c2b37750"}
[2024-11-27T20:00:10.353367+01:00] defaultLogger.WARNING: Encountered invalid configuration(s) for sInactiveClassification, please fix this [] {"url":"/standcrm/OptionManager.php?mode=grptypes&ListID=3","remote_ip":"::1","correlation_id":"67476c3a56464"}
[2024-11-27T20:00:13.802405+01:00] defaultLogger.WARNING: Encountered invalid configuration(s) for sInactiveClassification, please fix this [] {"url":"/standcrm/OptionManager.php?mode=grptypes&ListID=3","remote_ip":"::1","correlation_id":"67476c3dc3e6e"}
[2024-11-27T20:00:30.711722+01:00] defaultLogger.WARNING: Encountered invalid configuration(s) for sInactiveClassification, please fix this [] {"url":"/standcrm/OptionManager.php?mode=grptypes&ListID=3","remote_ip":"::1","correlation_id":"67476c4eadc32"}
[2024-11-27T20:00:45.164786+01:00] defaultLogger.WARNING: Encountered invalid configuration(s) for sInactiveClassification, please fix this [] {"url":"/standcrm/OptionManager.php?mode=grptypes&ListID=3","remote_ip":"::1","correlation_id":"67476c5d283c8"}
[2024-11-27T20:17:49.045806+01:00] defaultLogger.WARNING: issue creating geoCoder API access denied. Request: https://maps.googleapis.com/maps/api/geocode/json?address=65165-00168%20nairobi%2C%2030%2065165%20KE&language=en&key= - Message: You must use an API key to authenticate each request to Google Maps Platform APIs. For additional information, please refer to http://g.co/dev/maps-no-account [] {"url":"/standcrm/FamilyEditor.php?FamilyID=-1","remote_ip":"::1","correlation_id":"6747705d0b2f8"}
[2024-11-27T21:15:41.834318+01:00] defaultLogger.WARNING: Encountered invalid configuration(s) for sInactiveClassification, please fix this [] {"url":"/standcrm/OptionManager.php?mode=classes","remote_ip":"::1","correlation_id":"67477dedcbb24"}
[2024-11-27T21:15:56.616204+01:00] defaultLogger.WARNING: Encountered invalid configuration(s) for sInactiveClassification, please fix this [] {"url":"/standcrm/OptionManager.php?mode=famroles","remote_ip":"::1","correlation_id":"67477dfc96716"}
[2024-11-27T21:18:44.701293+01:00] defaultLogger.WARNING: Encountered invalid configuration(s) for sInactiveClassification, please fix this [] {"url":"/standcrm/OptionManager.php?mode=grptypes","remote_ip":"::1","correlation_id":"67477ea4ab376"}
[2024-11-27T21:20:06.723015+01:00] defaultLogger.WARNING: Encountered invalid configuration(s) for sInactiveClassification, please fix this [] {"url":"/standcrm/OptionManager.php?mode=grptypes","remote_ip":"::1","correlation_id":"67477ef6b085a"}
[2024-11-27T21:20:09.997562+01:00] defaultLogger.WARNING: Encountered invalid configuration(s) for sInactiveClassification, please fix this [] {"url":"/standcrm/OptionManager.php?mode=grptypes&ListID=3","remote_ip":"::1","correlation_id":"67477ef9f38c2"}
[2024-11-27T21:20:13.612964+01:00] defaultLogger.WARNING: Encountered invalid configuration(s) for sInactiveClassification, please fix this [] {"url":"/standcrm/OptionManager.php?mode=grptypes&ListID=3","remote_ip":"::1","correlation_id":"67477efd95a6e"}
[2024-11-27T21:20:16.982519+01:00] defaultLogger.WARNING: Encountered invalid configuration(s) for sInactiveClassification, please fix this [] {"url":"/standcrm/OptionManager.php?mode=grptypes&ListID=3","remote_ip":"::1","correlation_id":"67477f00efe01"}
[2024-11-27T21:20:30.220295+01:00] defaultLogger.WARNING: Encountered invalid configuration(s) for sInactiveClassification, please fix this [] {"url":"/standcrm/OptionManager.php?mode=grptypes&ListID=3","remote_ip":"::1","correlation_id":"67477f0e35c90"}
[2024-11-27T21:21:47.349906+01:00] defaultLogger.WARNING: Encountered invalid configuration(s) for sInactiveClassification, please fix this [] {"url":"/standcrm/OptionManager.php?mode=grptypes","remote_ip":"::1","correlation_id":"67477f5b556db"}
[2024-11-27T21:22:37.373711+01:00] defaultLogger.WARNING: Encountered invalid configuration(s) for sInactiveClassification, please fix this [] {"url":"/standcrm/OptionManager.php?mode=grptypes&ListID=3","remote_ip":"::1","correlation_id":"67477f8d5b3d9"}
[2024-11-27T21:22:45.506884+01:00] defaultLogger.WARNING: Encountered invalid configuration(s) for sInactiveClassification, please fix this [] {"url":"/standcrm/OptionManager.php?mode=grptypes&ListID=3","remote_ip":"::1","correlation_id":"67477f957bc13"}
[2024-11-27T21:23:13.635515+01:00] defaultLogger.WARNING: Encountered invalid configuration(s) for sInactiveClassification, please fix this [] {"url":"/standcrm/OptionManager.php?mode=grptypes&ListID=3","remote_ip":"::1","correlation_id":"67477fb19b28d"}
[2024-11-27T21:23:16.689011+01:00] defaultLogger.WARNING: Encountered invalid configuration(s) for sInactiveClassification, please fix this [] {"url":"/standcrm/OptionManager.php?mode=grptypes&ListID=3","remote_ip":"::1","correlation_id":"67477fb4a837c"}
[2024-11-27T21:23:43.925612+01:00] defaultLogger.WARNING: Encountered invalid configuration(s) for sInactiveClassification, please fix this [] {"url":"/standcrm/OptionManager.php?mode=grptypes&ListID=3","remote_ip":"::1","correlation_id":"67477fcfe1fb5"}
[2024-11-27T21:44:08.777243+01:00] defaultLogger.WARNING: Encountered invalid configuration(s) for sInactiveClassification, please fix this [] {"url":"/standcrm/OptionManager.php?mode=grptypes","remote_ip":"::1","correlation_id":"67478498bdc25"}
[2024-11-27T21:44:27.902336+01:00] defaultLogger.WARNING: Encountered invalid configuration(s) for sInactiveClassification, please fix this [] {"url":"/standcrm/OptionManager.php?mode=grptypes&ListID=3","remote_ip":"::1","correlation_id":"674784abdc4ca"}
[2024-11-27T21:44:43.744003+01:00] defaultLogger.WARNING: Encountered invalid configuration(s) for sInactiveClassification, please fix this [] {"url":"/standcrm/OptionManager.php?mode=grptypes&ListID=3","remote_ip":"::1","correlation_id":"674784bbb5a53"}
[2024-11-27T21:45:01.568200+01:00] defaultLogger.WARNING: Encountered invalid configuration(s) for sInactiveClassification, please fix this [] {"url":"/standcrm/OptionManager.php?mode=grptypes&ListID=3","remote_ip":"::1","correlation_id":"674784cd8ab92"}
